2025-11-19T20:01:37.314+09:00  INFO 24252 --- [chronos] [restartedMain] c.slowhigh.chronos.ChronosApplication    : Starting ChronosApplication using Java 21.0.4 with PID 24252 (D:\code\git\share-timer\timer-service\build\classes\java\main started by yhjo in D:\code\git\share-timer\timer-service)
2025-11-19T20:01:37.315+09:00 DEBUG 24252 --- [chronos] [restartedMain] c.slowhigh.chronos.ChronosApplication    : Running with Spring Boot v3.3.5, Spring v6.1.14
2025-11-19T20:01:37.316+09:00  INFO 24252 --- [chronos] [restartedMain] c.slowhigh.chronos.ChronosApplication    : The following 1 profile is active: "local"
2025-11-19T20:01:37.388+09:00  INFO 24252 --- [chronos] [restartedMain] .e.DevToolsPropertyDefaultsPostProcessor : Devtools property defaults active! Set 'spring.devtools.add-properties' to 'false' to disable
2025-11-19T20:01:37.388+09:00  INFO 24252 --- [chronos] [restartedMain] .e.DevToolsPropertyDefaultsPostProcessor : For additional web related logging consider setting the 'logging.level.web' property to 'DEBUG'
2025-11-19T20:01:38.012+09:00  INFO 24252 --- [chronos] [restartedMain] .s.d.r.c.RepositoryConfigurationDelegate : Multiple Spring Data modules found, entering strict repository configuration mode
2025-11-19T20:01:38.013+09:00  INFO 24252 --- [chronos] [restartedMain] .s.d.r.c.RepositoryConfigurationDelegate : Bootstrapping Spring Data JDBC repositories in DEFAULT mode.
2025-11-19T20:01:38.032+09:00  INFO 24252 --- [chronos] [restartedMain] .RepositoryConfigurationExtensionSupport : Spring Data JDBC - Could not safely identify store assignment for repository candidate interface com.slowhigh.chronos.timer.repository.TimerRepository; If you want this repository to be a JDBC repository, consider annotating your entities with one of these annotations: org.springframework.data.relational.core.mapping.Table.
2025-11-19T20:01:38.032+09:00  INFO 24252 --- [chronos] [restartedMain] .s.d.r.c.RepositoryConfigurationDelegate : Finished Spring Data repository scanning in 17 ms. Found 0 JDBC repository interfaces.
2025-11-19T20:01:38.038+09:00  INFO 24252 --- [chronos] [restartedMain] .s.d.r.c.RepositoryConfigurationDelegate : Multiple Spring Data modules found, entering strict repository configuration mode
2025-11-19T20:01:38.038+09:00  INFO 24252 --- [chronos] [restartedMain] .s.d.r.c.RepositoryConfigurationDelegate : Bootstrapping Spring Data JPA repositories in DEFAULT mode.
2025-11-19T20:01:38.101+09:00  INFO 24252 --- [chronos] [restartedMain] .s.d.r.c.RepositoryConfigurationDelegate : Finished Spring Data repository scanning in 61 ms. Found 1 JPA repository interface.
2025-11-19T20:01:38.107+09:00  INFO 24252 --- [chronos] [restartedMain] .s.d.r.c.RepositoryConfigurationDelegate : Multiple Spring Data modules found, entering strict repository configuration mode
2025-11-19T20:01:38.108+09:00  INFO 24252 --- [chronos] [restartedMain] .s.d.r.c.RepositoryConfigurationDelegate : Bootstrapping Spring Data Redis repositories in DEFAULT mode.
2025-11-19T20:01:38.113+09:00  INFO 24252 --- [chronos] [restartedMain] .RepositoryConfigurationExtensionSupport : Spring Data Redis - Could not safely identify store assignment for repository candidate interface com.slowhigh.chronos.timer.repository.TimerRepository; If you want this repository to be a Redis repository, consider annotating your entities with one of these annotations: org.springframework.data.redis.core.RedisHash (preferred), or consider extending one of the following types with your repository: org.springframework.data.keyvalue.repository.KeyValueRepository
2025-11-19T20:01:38.114+09:00  INFO 24252 --- [chronos] [restartedMain] .s.d.r.c.RepositoryConfigurationDelegate : Finished Spring Data repository scanning in 2 ms. Found 0 Redis repository interfaces.
2025-11-19T20:01:38.585+09:00  INFO 24252 --- [chronos] [restartedMain] o.s.b.w.embedded.tomcat.TomcatWebServer  : Tomcat initialized with port 5000 (http)
2025-11-19T20:01:38.596+09:00  INFO 24252 --- [chronos] [restartedMain] o.apache.catalina.core.StandardService   : Starting service [Tomcat]
2025-11-19T20:01:38.596+09:00  INFO 24252 --- [chronos] [restartedMain] o.apache.catalina.core.StandardEngine    : Starting Servlet engine: [Apache Tomcat/10.1.31]
2025-11-19T20:01:38.625+09:00  INFO 24252 --- [chronos] [restartedMain] o.a.c.c.C.[.[localhost].[/api/v1]        : Initializing Spring embedded WebApplicationContext
2025-11-19T20:01:38.625+09:00  INFO 24252 --- [chronos] [restartedMain] w.s.c.ServletWebServerApplicationContext : Root WebApplicationContext: initialization completed in 1236 ms
2025-11-19T20:01:38.698+09:00  INFO 24252 --- [chronos] [restartedMain] com.zaxxer.hikari.HikariDataSource       : HikariPool-1 - Starting...
2025-11-19T20:01:38.783+09:00  INFO 24252 --- [chronos] [restartedMain] com.zaxxer.hikari.pool.HikariPool        : HikariPool-1 - Added connection org.postgresql.jdbc.PgConnection@1751b96
2025-11-19T20:01:38.785+09:00  INFO 24252 --- [chronos] [restartedMain] com.zaxxer.hikari.HikariDataSource       : HikariPool-1 - Start completed.
2025-11-19T20:01:38.791+09:00  INFO 24252 --- [chronos] [restartedMain] o.s.b.a.h2.H2ConsoleAutoConfiguration    : H2 console available at '/h2-console'. Database available at 'jdbc:postgresql://localhost:5432/timer'
2025-11-19T20:01:38.898+09:00  INFO 24252 --- [chronos] [restartedMain] o.hibernate.jpa.internal.util.LogHelper  : HHH000204: Processing PersistenceUnitInfo [name: default]
2025-11-19T20:01:38.924+09:00  INFO 24252 --- [chronos] [restartedMain] org.hibernate.Version                    : HHH000412: Hibernate ORM core version 6.5.3.Final
2025-11-19T20:01:38.943+09:00  INFO 24252 --- [chronos] [restartedMain] o.h.c.internal.RegionFactoryInitiator    : HHH000026: Second-level cache disabled
2025-11-19T20:01:39.127+09:00  INFO 24252 --- [chronos] [restartedMain] o.s.o.j.p.SpringPersistenceUnitInfo      : No LoadTimeWeaver setup: ignoring JPA class transformer
2025-11-19T20:01:39.167+09:00  WARN 24252 --- [chronos] [restartedMain] org.hibernate.orm.deprecation            : HHH90000025: PostgreSQLDialect does not need to be specified explicitly using 'hibernate.dialect' (remove the property setting and it will be selected by default)
2025-11-19T20:01:39.730+09:00  INFO 24252 --- [chronos] [restartedMain] o.h.e.t.j.p.i.JtaPlatformInitiator       : HHH000489: No JTA platform available (set 'hibernate.transaction.jta.platform' to enable JTA platform integration)
2025-11-19T20:01:39.765+09:00 DEBUG 24252 --- [chronos] [restartedMain] org.hibernate.SQL                        : 
    create table timers (
        id uuid not null,
        created_at timestamp(6) with time zone not null,
        updated_at timestamp(6) with time zone not null,
        owner_token uuid not null,
        target_time timestamp(6) with time zone not null,
        primary key (id)
    )
2025-11-19T20:01:39.773+09:00 DEBUG 24252 --- [chronos] [restartedMain] org.hibernate.SQL                        : 
    create table timestamps (
        id bigint generated by default as identity,
        created_at timestamp(6) with time zone not null,
        updated_at timestamp(6) with time zone not null,
        captured_at timestamp(6) with time zone not null,
        target_time timestamp(6) with time zone not null,
        timer_id uuid not null,
        primary key (id)
    )
2025-11-19T20:01:39.777+09:00 DEBUG 24252 --- [chronos] [restartedMain] org.hibernate.SQL                        : 
    create index idx_timers_id_owner_token 
       on timers (id, owner_token)
2025-11-19T20:01:39.780+09:00 DEBUG 24252 --- [chronos] [restartedMain] org.hibernate.SQL                        : 
    alter table if exists timers 
       drop constraint if exists UK3dh9hvflg3dlt23qi106jnq1
2025-11-19T20:01:39.783+09:00  WARN 24252 --- [chronos] [restartedMain] o.h.engine.jdbc.spi.SqlExceptionHelper   : SQL Warning Code: 0, SQLState: 00000
2025-11-19T20:01:39.783+09:00  WARN 24252 --- [chronos] [restartedMain] o.h.engine.jdbc.spi.SqlExceptionHelper   : constraint "uk3dh9hvflg3dlt23qi106jnq1" of relation "timers" does not exist, skipping
2025-11-19T20:01:39.783+09:00 DEBUG 24252 --- [chronos] [restartedMain] org.hibernate.SQL                        : 
    alter table if exists timers 
       add constraint UK3dh9hvflg3dlt23qi106jnq1 unique (owner_token)
2025-11-19T20:01:39.787+09:00 DEBUG 24252 --- [chronos] [restartedMain] org.hibernate.SQL                        : 
    alter table if exists timestamps 
       add constraint FK6fhn4gksyqhsbb1fe5frmw2iq 
       foreign key (timer_id) 
       references timers
2025-11-19T20:01:39.793+09:00  INFO 24252 --- [chronos] [restartedMain] j.LocalContainerEntityManagerFactoryBean : Initialized JPA EntityManagerFactory for persistence unit 'default'
2025-11-19T20:01:40.804+09:00  INFO 24252 --- [chronos] [restartedMain] o.s.b.d.a.OptionalLiveReloadServer       : LiveReload server is running on port 35729
2025-11-19T20:01:40.810+09:00  INFO 24252 --- [chronos] [restartedMain] o.s.b.a.e.web.EndpointLinksResolver      : Exposing 1 endpoint beneath base path '/actuator'
2025-11-19T20:01:40.853+09:00  INFO 24252 --- [chronos] [restartedMain] o.s.b.w.embedded.tomcat.TomcatWebServer  : Tomcat started on port 5000 (http) with context path '/api/v1'
2025-11-19T20:01:40.862+09:00  INFO 24252 --- [chronos] [restartedMain] c.slowhigh.chronos.ChronosApplication    : Started ChronosApplication in 3.815 seconds (process running for 4.069)
2025-11-19T20:05:03.714+09:00  INFO 23956 --- [chronos] [restartedMain] c.slowhigh.chronos.ChronosApplication    : Starting ChronosApplication using Java 21.0.4 with PID 23956 (D:\code\git\share-timer\timer-service\build\classes\java\main started by yhjo in D:\code\git\share-timer\timer-service)
2025-11-19T20:05:03.715+09:00 DEBUG 23956 --- [chronos] [restartedMain] c.slowhigh.chronos.ChronosApplication    : Running with Spring Boot v3.3.5, Spring v6.1.14
2025-11-19T20:05:03.716+09:00  INFO 23956 --- [chronos] [restartedMain] c.slowhigh.chronos.ChronosApplication    : The following 1 profile is active: "local"
2025-11-19T20:05:03.750+09:00  INFO 23956 --- [chronos] [restartedMain] .e.DevToolsPropertyDefaultsPostProcessor : Devtools property defaults active! Set 'spring.devtools.add-properties' to 'false' to disable
2025-11-19T20:05:03.750+09:00  INFO 23956 --- [chronos] [restartedMain] .e.DevToolsPropertyDefaultsPostProcessor : For additional web related logging consider setting the 'logging.level.web' property to 'DEBUG'
2025-11-19T20:05:04.359+09:00  INFO 23956 --- [chronos] [restartedMain] .s.d.r.c.RepositoryConfigurationDelegate : Multiple Spring Data modules found, entering strict repository configuration mode
2025-11-19T20:05:04.360+09:00  INFO 23956 --- [chronos] [restartedMain] .s.d.r.c.RepositoryConfigurationDelegate : Bootstrapping Spring Data JDBC repositories in DEFAULT mode.
2025-11-19T20:05:04.379+09:00  INFO 23956 --- [chronos] [restartedMain] .RepositoryConfigurationExtensionSupport : Spring Data JDBC - Could not safely identify store assignment for repository candidate interface com.slowhigh.chronos.timer.repository.TimerRepository; If you want this repository to be a JDBC repository, consider annotating your entities with one of these annotations: org.springframework.data.relational.core.mapping.Table.
2025-11-19T20:05:04.380+09:00  INFO 23956 --- [chronos] [restartedMain] .s.d.r.c.RepositoryConfigurationDelegate : Finished Spring Data repository scanning in 17 ms. Found 0 JDBC repository interfaces.
2025-11-19T20:05:04.385+09:00  INFO 23956 --- [chronos] [restartedMain] .s.d.r.c.RepositoryConfigurationDelegate : Multiple Spring Data modules found, entering strict repository configuration mode
2025-11-19T20:05:04.385+09:00  INFO 23956 --- [chronos] [restartedMain] .s.d.r.c.RepositoryConfigurationDelegate : Bootstrapping Spring Data JPA repositories in DEFAULT mode.
2025-11-19T20:05:04.449+09:00  INFO 23956 --- [chronos] [restartedMain] .s.d.r.c.RepositoryConfigurationDelegate : Finished Spring Data repository scanning in 63 ms. Found 1 JPA repository interface.
2025-11-19T20:05:04.455+09:00  INFO 23956 --- [chronos] [restartedMain] .s.d.r.c.RepositoryConfigurationDelegate : Multiple Spring Data modules found, entering strict repository configuration mode
2025-11-19T20:05:04.456+09:00  INFO 23956 --- [chronos] [restartedMain] .s.d.r.c.RepositoryConfigurationDelegate : Bootstrapping Spring Data Redis repositories in DEFAULT mode.
2025-11-19T20:05:04.464+09:00  INFO 23956 --- [chronos] [restartedMain] .RepositoryConfigurationExtensionSupport : Spring Data Redis - Could not safely identify store assignment for repository candidate interface com.slowhigh.chronos.timer.repository.TimerRepository; If you want this repository to be a Redis repository, consider annotating your entities with one of these annotations: org.springframework.data.redis.core.RedisHash (preferred), or consider extending one of the following types with your repository: org.springframework.data.keyvalue.repository.KeyValueRepository
2025-11-19T20:05:04.464+09:00  INFO 23956 --- [chronos] [restartedMain] .s.d.r.c.RepositoryConfigurationDelegate : Finished Spring Data repository scanning in 3 ms. Found 0 Redis repository interfaces.
2025-11-19T20:05:04.962+09:00  INFO 23956 --- [chronos] [restartedMain] o.s.b.w.embedded.tomcat.TomcatWebServer  : Tomcat initialized with port 5000 (http)
2025-11-19T20:05:04.970+09:00  INFO 23956 --- [chronos] [restartedMain] o.apache.catalina.core.StandardService   : Starting service [Tomcat]
2025-11-19T20:05:04.970+09:00  INFO 23956 --- [chronos] [restartedMain] o.apache.catalina.core.StandardEngine    : Starting Servlet engine: [Apache Tomcat/10.1.31]
2025-11-19T20:05:05.000+09:00  INFO 23956 --- [chronos] [restartedMain] o.a.c.c.C.[.[localhost].[/api/v1]        : Initializing Spring embedded WebApplicationContext
2025-11-19T20:05:05.000+09:00  INFO 23956 --- [chronos] [restartedMain] w.s.c.ServletWebServerApplicationContext : Root WebApplicationContext: initialization completed in 1249 ms
2025-11-19T20:05:05.068+09:00  INFO 23956 --- [chronos] [restartedMain] com.zaxxer.hikari.HikariDataSource       : HikariPool-1 - Starting...
2025-11-19T20:05:05.152+09:00  INFO 23956 --- [chronos] [restartedMain] com.zaxxer.hikari.pool.HikariPool        : HikariPool-1 - Added connection org.postgresql.jdbc.PgConnection@58fc0d5
2025-11-19T20:05:05.153+09:00  INFO 23956 --- [chronos] [restartedMain] com.zaxxer.hikari.HikariDataSource       : HikariPool-1 - Start completed.
2025-11-19T20:05:05.159+09:00  INFO 23956 --- [chronos] [restartedMain] o.s.b.a.h2.H2ConsoleAutoConfiguration    : H2 console available at '/h2-console'. Database available at 'jdbc:postgresql://localhost:5432/timer'
2025-11-19T20:05:05.274+09:00  INFO 23956 --- [chronos] [restartedMain] o.hibernate.jpa.internal.util.LogHelper  : HHH000204: Processing PersistenceUnitInfo [name: default]
2025-11-19T20:05:05.300+09:00  INFO 23956 --- [chronos] [restartedMain] org.hibernate.Version                    : HHH000412: Hibernate ORM core version 6.5.3.Final
2025-11-19T20:05:05.320+09:00  INFO 23956 --- [chronos] [restartedMain] o.h.c.internal.RegionFactoryInitiator    : HHH000026: Second-level cache disabled
2025-11-19T20:05:05.482+09:00  INFO 23956 --- [chronos] [restartedMain] o.s.o.j.p.SpringPersistenceUnitInfo      : No LoadTimeWeaver setup: ignoring JPA class transformer
2025-11-19T20:05:05.510+09:00  WARN 23956 --- [chronos] [restartedMain] org.hibernate.orm.deprecation            : HHH90000025: PostgreSQLDialect does not need to be specified explicitly using 'hibernate.dialect' (remove the property setting and it will be selected by default)
2025-11-19T20:05:06.063+09:00  INFO 23956 --- [chronos] [restartedMain] o.h.e.t.j.p.i.JtaPlatformInitiator       : HHH000489: No JTA platform available (set 'hibernate.transaction.jta.platform' to enable JTA platform integration)
2025-11-19T20:05:06.134+09:00  INFO 23956 --- [chronos] [restartedMain] j.LocalContainerEntityManagerFactoryBean : Initialized JPA EntityManagerFactory for persistence unit 'default'
2025-11-19T20:05:07.140+09:00  INFO 23956 --- [chronos] [restartedMain] o.s.b.d.a.OptionalLiveReloadServer       : LiveReload server is running on port 35729
2025-11-19T20:05:07.145+09:00  INFO 23956 --- [chronos] [restartedMain] o.s.b.a.e.web.EndpointLinksResolver      : Exposing 1 endpoint beneath base path '/actuator'
2025-11-19T20:05:07.188+09:00  INFO 23956 --- [chronos] [restartedMain] o.s.b.w.embedded.tomcat.TomcatWebServer  : Tomcat started on port 5000 (http) with context path '/api/v1'
2025-11-19T20:05:07.195+09:00  INFO 23956 --- [chronos] [restartedMain] c.slowhigh.chronos.ChronosApplication    : Started ChronosApplication in 3.728 seconds (process running for 3.968)
2025-11-19T20:05:26.584+09:00  INFO 23956 --- [chronos] [http-nio-5000-exec-1] o.a.c.c.C.[.[localhost].[/api/v1]        : Initializing Spring DispatcherServlet 'dispatcherServlet'
2025-11-19T20:05:26.585+09:00  INFO 23956 --- [chronos] [http-nio-5000-exec-1] o.s.web.servlet.DispatcherServlet        : Initializing Servlet 'dispatcherServlet'
2025-11-19T20:05:26.586+09:00  INFO 23956 --- [chronos] [http-nio-5000-exec-1] o.s.web.servlet.DispatcherServlet        : Completed initialization in 1 ms
2025-11-19T20:05:26.682+09:00 DEBUG 23956 --- [chronos] [http-nio-5000-exec-2] c.s.c.timer.controller.TimerController   : 타이머 생성 요청: TimerCreateReq[targetTime=2025-11-19T12:05:26Z]
2025-11-19T20:05:26.731+09:00 DEBUG 23956 --- [chronos] [http-nio-5000-exec-2] c.s.c.t.service.impl.TimerServiceImpl    : 신규 타이머 생성: timerId=2c482226-9132-4c98-9ffe-6ca997d7e11f, ownerToken=94a30036-43ea-4198-8d28-077267584fe8
2025-11-19T20:05:26.945+09:00 DEBUG 23956 --- [chronos] [http-nio-5000-exec-2] c.s.chronos.timer.handler.TimerHandler   : Timer(2c482226-9132-4c98-9ffe-6ca997d7e11f)가 3600초 후에 만료되도록 설정되었습니다.
2025-11-19T20:05:26.955+09:00 DEBUG 23956 --- [chronos] [http-nio-5000-exec-2] org.hibernate.SQL                        : 
    /* insert for
        com.slowhigh.chronos.timer.domain.Timer */insert 
    into
        timers (created_at, owner_token, target_time, updated_at, id) 
    values
        (?, ?, ?, ?, ?)
2025-11-19T20:05:26.956+09:00 TRACE 23956 --- [chronos] [http-nio-5000-exec-2] org.hibernate.orm.jdbc.bind              : binding parameter (1:TIMESTAMP_UTC) <- [2025-11-19T11:05:26.701943500Z]
2025-11-19T20:05:26.956+09:00 TRACE 23956 --- [chronos] [http-nio-5000-exec-2] org.hibernate.orm.jdbc.bind              : binding parameter (2:UUID) <- [94a30036-43ea-4198-8d28-077267584fe8]
2025-11-19T20:05:26.956+09:00 TRACE 23956 --- [chronos] [http-nio-5000-exec-2] org.hibernate.orm.jdbc.bind              : binding parameter (3:TIMESTAMP_UTC) <- [2025-11-19T12:05:26Z]
2025-11-19T20:05:26.956+09:00 TRACE 23956 --- [chronos] [http-nio-5000-exec-2] org.hibernate.orm.jdbc.bind              : binding parameter (4:TIMESTAMP_UTC) <- [2025-11-19T11:05:26.701943500Z]
2025-11-19T20:05:26.956+09:00 TRACE 23956 --- [chronos] [http-nio-5000-exec-2] org.hibernate.orm.jdbc.bind              : binding parameter (5:UUID) <- [2c482226-9132-4c98-9ffe-6ca997d7e11f]
2025-11-19T20:05:26.965+09:00 DEBUG 23956 --- [chronos] [http-nio-5000-exec-2] c.s.c.timer.controller.TimerController   : 타이머 생성 응답: TimerCreateRes[timerId=2c482226-9132-4c98-9ffe-6ca997d7e11f, ownerToken=94a30036-43ea-4198-8d28-077267584fe8]
2025-11-19T20:05:27.068+09:00 DEBUG 23956 --- [chronos] [http-nio-5000-exec-3] org.hibernate.SQL                        : 
    select
        t1_0.id,
        t1_0.created_at,
        t1_0.owner_token,
        t1_0.target_time,
        t1_0.updated_at 
    from
        timers t1_0 
    where
        t1_0.id=?
2025-11-19T20:05:27.069+09:00 TRACE 23956 --- [chronos] [http-nio-5000-exec-3] org.hibernate.orm.jdbc.bind              : binding parameter (1:UUID) <- [2c482226-9132-4c98-9ffe-6ca997d7e11f]
2025-11-19T20:05:27.077+09:00 DEBUG 23956 --- [chronos] [http-nio-5000-exec-3] org.hibernate.SQL                        : 
    select
        t1_0.timer_id,
        t1_0.id,
        t1_0.captured_at,
        t1_0.created_at,
        t1_0.target_time,
        t1_0.updated_at 
    from
        timestamps t1_0 
    where
        t1_0.timer_id=?
2025-11-19T20:05:27.078+09:00 TRACE 23956 --- [chronos] [http-nio-5000-exec-3] org.hibernate.orm.jdbc.bind              : binding parameter (1:UUID) <- [2c482226-9132-4c98-9ffe-6ca997d7e11f]
2025-11-19T20:10:59.760+09:00  INFO 19716 --- [chronos] [restartedMain] c.slowhigh.chronos.ChronosApplication    : Starting ChronosApplication using Java 21.0.4 with PID 19716 (D:\code\git\share-timer\timer-service\build\classes\java\main started by yhjo in D:\code\git\share-timer\timer-service)
2025-11-19T20:10:59.760+09:00 DEBUG 19716 --- [chronos] [restartedMain] c.slowhigh.chronos.ChronosApplication    : Running with Spring Boot v3.3.5, Spring v6.1.14
2025-11-19T20:10:59.760+09:00  INFO 19716 --- [chronos] [restartedMain] c.slowhigh.chronos.ChronosApplication    : The following 1 profile is active: "local"
2025-11-19T20:10:59.789+09:00  INFO 19716 --- [chronos] [restartedMain] .e.DevToolsPropertyDefaultsPostProcessor : Devtools property defaults active! Set 'spring.devtools.add-properties' to 'false' to disable
2025-11-19T20:10:59.789+09:00  INFO 19716 --- [chronos] [restartedMain] .e.DevToolsPropertyDefaultsPostProcessor : For additional web related logging consider setting the 'logging.level.web' property to 'DEBUG'
2025-11-19T20:11:00.377+09:00  INFO 19716 --- [chronos] [restartedMain] .s.d.r.c.RepositoryConfigurationDelegate : Multiple Spring Data modules found, entering strict repository configuration mode
2025-11-19T20:11:00.377+09:00  INFO 19716 --- [chronos] [restartedMain] .s.d.r.c.RepositoryConfigurationDelegate : Bootstrapping Spring Data JDBC repositories in DEFAULT mode.
2025-11-19T20:11:00.397+09:00  INFO 19716 --- [chronos] [restartedMain] .RepositoryConfigurationExtensionSupport : Spring Data JDBC - Could not safely identify store assignment for repository candidate interface com.slowhigh.chronos.timer.repository.TimerRepository; If you want this repository to be a JDBC repository, consider annotating your entities with one of these annotations: org.springframework.data.relational.core.mapping.Table.
2025-11-19T20:11:00.397+09:00  INFO 19716 --- [chronos] [restartedMain] .s.d.r.c.RepositoryConfigurationDelegate : Finished Spring Data repository scanning in 20 ms. Found 0 JDBC repository interfaces.
2025-11-19T20:11:00.409+09:00  INFO 19716 --- [chronos] [restartedMain] .s.d.r.c.RepositoryConfigurationDelegate : Multiple Spring Data modules found, entering strict repository configuration mode
2025-11-19T20:11:00.410+09:00  INFO 19716 --- [chronos] [restartedMain] .s.d.r.c.RepositoryConfigurationDelegate : Bootstrapping Spring Data JPA repositories in DEFAULT mode.
2025-11-19T20:11:00.469+09:00  INFO 19716 --- [chronos] [restartedMain] .s.d.r.c.RepositoryConfigurationDelegate : Finished Spring Data repository scanning in 63 ms. Found 1 JPA repository interface.
2025-11-19T20:11:00.480+09:00  INFO 19716 --- [chronos] [restartedMain] .s.d.r.c.RepositoryConfigurationDelegate : Multiple Spring Data modules found, entering strict repository configuration mode
2025-11-19T20:11:00.480+09:00  INFO 19716 --- [chronos] [restartedMain] .s.d.r.c.RepositoryConfigurationDelegate : Bootstrapping Spring Data Redis repositories in DEFAULT mode.
2025-11-19T20:11:00.487+09:00  INFO 19716 --- [chronos] [restartedMain] .RepositoryConfigurationExtensionSupport : Spring Data Redis - Could not safely identify store assignment for repository candidate interface com.slowhigh.chronos.timer.repository.TimerRepository; If you want this repository to be a Redis repository, consider annotating your entities with one of these annotations: org.springframework.data.redis.core.RedisHash (preferred), or consider extending one of the following types with your repository: org.springframework.data.keyvalue.repository.KeyValueRepository
2025-11-19T20:11:00.487+09:00  INFO 19716 --- [chronos] [restartedMain] .s.d.r.c.RepositoryConfigurationDelegate : Finished Spring Data repository scanning in 2 ms. Found 0 Redis repository interfaces.
2025-11-19T20:11:00.938+09:00  INFO 19716 --- [chronos] [restartedMain] o.s.b.w.embedded.tomcat.TomcatWebServer  : Tomcat initialized with port 5000 (http)
2025-11-19T20:11:00.946+09:00  INFO 19716 --- [chronos] [restartedMain] o.apache.catalina.core.StandardService   : Starting service [Tomcat]
2025-11-19T20:11:00.946+09:00  INFO 19716 --- [chronos] [restartedMain] o.apache.catalina.core.StandardEngine    : Starting Servlet engine: [Apache Tomcat/10.1.31]
2025-11-19T20:11:00.972+09:00  INFO 19716 --- [chronos] [restartedMain] o.a.c.c.C.[.[localhost].[/api/v1]        : Initializing Spring embedded WebApplicationContext
2025-11-19T20:11:00.973+09:00  INFO 19716 --- [chronos] [restartedMain] w.s.c.ServletWebServerApplicationContext : Root WebApplicationContext: initialization completed in 1183 ms
2025-11-19T20:11:01.037+09:00  INFO 19716 --- [chronos] [restartedMain] com.zaxxer.hikari.HikariDataSource       : HikariPool-1 - Starting...
2025-11-19T20:11:01.119+09:00  INFO 19716 --- [chronos] [restartedMain] com.zaxxer.hikari.pool.HikariPool        : HikariPool-1 - Added connection org.postgresql.jdbc.PgConnection@1a93518e
2025-11-19T20:11:01.120+09:00  INFO 19716 --- [chronos] [restartedMain] com.zaxxer.hikari.HikariDataSource       : HikariPool-1 - Start completed.
2025-11-19T20:11:01.126+09:00  INFO 19716 --- [chronos] [restartedMain] o.s.b.a.h2.H2ConsoleAutoConfiguration    : H2 console available at '/h2-console'. Database available at 'jdbc:postgresql://localhost:5432/timer'
2025-11-19T20:11:01.235+09:00  INFO 19716 --- [chronos] [restartedMain] o.hibernate.jpa.internal.util.LogHelper  : HHH000204: Processing PersistenceUnitInfo [name: default]
2025-11-19T20:11:01.264+09:00  INFO 19716 --- [chronos] [restartedMain] org.hibernate.Version                    : HHH000412: Hibernate ORM core version 6.5.3.Final
2025-11-19T20:11:01.287+09:00  INFO 19716 --- [chronos] [restartedMain] o.h.c.internal.RegionFactoryInitiator    : HHH000026: Second-level cache disabled
2025-11-19T20:11:01.458+09:00  INFO 19716 --- [chronos] [restartedMain] o.s.o.j.p.SpringPersistenceUnitInfo      : No LoadTimeWeaver setup: ignoring JPA class transformer
2025-11-19T20:11:01.486+09:00  WARN 19716 --- [chronos] [restartedMain] org.hibernate.orm.deprecation            : HHH90000025: PostgreSQLDialect does not need to be specified explicitly using 'hibernate.dialect' (remove the property setting and it will be selected by default)
2025-11-19T20:11:02.037+09:00  INFO 19716 --- [chronos] [restartedMain] o.h.e.t.j.p.i.JtaPlatformInitiator       : HHH000489: No JTA platform available (set 'hibernate.transaction.jta.platform' to enable JTA platform integration)
2025-11-19T20:11:02.100+09:00  INFO 19716 --- [chronos] [restartedMain] j.LocalContainerEntityManagerFactoryBean : Initialized JPA EntityManagerFactory for persistence unit 'default'
2025-11-19T20:11:03.157+09:00  INFO 19716 --- [chronos] [restartedMain] o.s.b.d.a.OptionalLiveReloadServer       : LiveReload server is running on port 35729
2025-11-19T20:11:03.163+09:00  INFO 19716 --- [chronos] [restartedMain] o.s.b.a.e.web.EndpointLinksResolver      : Exposing 1 endpoint beneath base path '/actuator'
2025-11-19T20:11:03.216+09:00  INFO 19716 --- [chronos] [restartedMain] o.s.b.w.embedded.tomcat.TomcatWebServer  : Tomcat started on port 5000 (http) with context path '/api/v1'
2025-11-19T20:11:03.216+09:00  INFO 19716 --- [chronos] [restartedMain] c.slowhigh.chronos.ChronosApplication    : Started ChronosApplication in 3.708 seconds (process running for 3.99)
2025-11-19T20:11:47.540+09:00  INFO 420 --- [chronos] [restartedMain] c.slowhigh.chronos.ChronosApplication    : Starting ChronosApplication using Java 21.0.4 with PID 420 (D:\code\git\share-timer\timer-service\build\classes\java\main started by yhjo in D:\code\git\share-timer\timer-service)
2025-11-19T20:11:47.541+09:00 DEBUG 420 --- [chronos] [restartedMain] c.slowhigh.chronos.ChronosApplication    : Running with Spring Boot v3.3.5, Spring v6.1.14
2025-11-19T20:11:47.542+09:00  INFO 420 --- [chronos] [restartedMain] c.slowhigh.chronos.ChronosApplication    : The following 1 profile is active: "local"
2025-11-19T20:11:47.574+09:00  INFO 420 --- [chronos] [restartedMain] .e.DevToolsPropertyDefaultsPostProcessor : Devtools property defaults active! Set 'spring.devtools.add-properties' to 'false' to disable
2025-11-19T20:11:47.574+09:00  INFO 420 --- [chronos] [restartedMain] .e.DevToolsPropertyDefaultsPostProcessor : For additional web related logging consider setting the 'logging.level.web' property to 'DEBUG'
2025-11-19T20:11:48.187+09:00  INFO 420 --- [chronos] [restartedMain] .s.d.r.c.RepositoryConfigurationDelegate : Multiple Spring Data modules found, entering strict repository configuration mode
2025-11-19T20:11:48.187+09:00  INFO 420 --- [chronos] [restartedMain] .s.d.r.c.RepositoryConfigurationDelegate : Bootstrapping Spring Data JDBC repositories in DEFAULT mode.
2025-11-19T20:11:48.216+09:00  INFO 420 --- [chronos] [restartedMain] .RepositoryConfigurationExtensionSupport : Spring Data JDBC - Could not safely identify store assignment for repository candidate interface com.slowhigh.chronos.timer.repository.TimerRepository; If you want this repository to be a JDBC repository, consider annotating your entities with one of these annotations: org.springframework.data.relational.core.mapping.Table.
2025-11-19T20:11:48.216+09:00  INFO 420 --- [chronos] [restartedMain] .s.d.r.c.RepositoryConfigurationDelegate : Finished Spring Data repository scanning in 31 ms. Found 0 JDBC repository interfaces.
2025-11-19T20:11:48.231+09:00  INFO 420 --- [chronos] [restartedMain] .s.d.r.c.RepositoryConfigurationDelegate : Multiple Spring Data modules found, entering strict repository configuration mode
2025-11-19T20:11:48.232+09:00  INFO 420 --- [chronos] [restartedMain] .s.d.r.c.RepositoryConfigurationDelegate : Bootstrapping Spring Data JPA repositories in DEFAULT mode.
2025-11-19T20:11:48.294+09:00  INFO 420 --- [chronos] [restartedMain] .s.d.r.c.RepositoryConfigurationDelegate : Finished Spring Data repository scanning in 60 ms. Found 1 JPA repository interface.
2025-11-19T20:11:48.300+09:00  INFO 420 --- [chronos] [restartedMain] .s.d.r.c.RepositoryConfigurationDelegate : Multiple Spring Data modules found, entering strict repository configuration mode
2025-11-19T20:11:48.301+09:00  INFO 420 --- [chronos] [restartedMain] .s.d.r.c.RepositoryConfigurationDelegate : Bootstrapping Spring Data Redis repositories in DEFAULT mode.
2025-11-19T20:11:48.308+09:00  INFO 420 --- [chronos] [restartedMain] .RepositoryConfigurationExtensionSupport : Spring Data Redis - Could not safely identify store assignment for repository candidate interface com.slowhigh.chronos.timer.repository.TimerRepository; If you want this repository to be a Redis repository, consider annotating your entities with one of these annotations: org.springframework.data.redis.core.RedisHash (preferred), or consider extending one of the following types with your repository: org.springframework.data.keyvalue.repository.KeyValueRepository
2025-11-19T20:11:48.308+09:00  INFO 420 --- [chronos] [restartedMain] .s.d.r.c.RepositoryConfigurationDelegate : Finished Spring Data repository scanning in 3 ms. Found 0 Redis repository interfaces.
2025-11-19T20:11:48.779+09:00  INFO 420 --- [chronos] [restartedMain] o.s.b.w.embedded.tomcat.TomcatWebServer  : Tomcat initialized with port 5000 (http)
2025-11-19T20:11:48.790+09:00  INFO 420 --- [chronos] [restartedMain] o.apache.catalina.core.StandardService   : Starting service [Tomcat]
2025-11-19T20:11:48.790+09:00  INFO 420 --- [chronos] [restartedMain] o.apache.catalina.core.StandardEngine    : Starting Servlet engine: [Apache Tomcat/10.1.31]
2025-11-19T20:11:48.826+09:00  INFO 420 --- [chronos] [restartedMain] o.a.c.c.C.[.[localhost].[/api/v1]        : Initializing Spring embedded WebApplicationContext
2025-11-19T20:11:48.826+09:00  INFO 420 --- [chronos] [restartedMain] w.s.c.ServletWebServerApplicationContext : Root WebApplicationContext: initialization completed in 1252 ms
2025-11-19T20:11:48.896+09:00  INFO 420 --- [chronos] [restartedMain] com.zaxxer.hikari.HikariDataSource       : HikariPool-1 - Starting...
2025-11-19T20:11:48.976+09:00  INFO 420 --- [chronos] [restartedMain] com.zaxxer.hikari.pool.HikariPool        : HikariPool-1 - Added connection org.postgresql.jdbc.PgConnection@5fa492d3
2025-11-19T20:11:48.977+09:00  INFO 420 --- [chronos] [restartedMain] com.zaxxer.hikari.HikariDataSource       : HikariPool-1 - Start completed.
2025-11-19T20:11:48.983+09:00  INFO 420 --- [chronos] [restartedMain] o.s.b.a.h2.H2ConsoleAutoConfiguration    : H2 console available at '/h2-console'. Database available at 'jdbc:postgresql://localhost:5432/timer'
2025-11-19T20:11:49.083+09:00  INFO 420 --- [chronos] [restartedMain] o.hibernate.jpa.internal.util.LogHelper  : HHH000204: Processing PersistenceUnitInfo [name: default]
2025-11-19T20:11:49.109+09:00  INFO 420 --- [chronos] [restartedMain] org.hibernate.Version                    : HHH000412: Hibernate ORM core version 6.5.3.Final
2025-11-19T20:11:49.129+09:00  INFO 420 --- [chronos] [restartedMain] o.h.c.internal.RegionFactoryInitiator    : HHH000026: Second-level cache disabled
2025-11-19T20:11:49.288+09:00  INFO 420 --- [chronos] [restartedMain] o.s.o.j.p.SpringPersistenceUnitInfo      : No LoadTimeWeaver setup: ignoring JPA class transformer
2025-11-19T20:11:49.321+09:00  WARN 420 --- [chronos] [restartedMain] org.hibernate.orm.deprecation            : HHH90000025: PostgreSQLDialect does not need to be specified explicitly using 'hibernate.dialect' (remove the property setting and it will be selected by default)
2025-11-19T20:11:49.846+09:00  INFO 420 --- [chronos] [restartedMain] o.h.e.t.j.p.i.JtaPlatformInitiator       : HHH000489: No JTA platform available (set 'hibernate.transaction.jta.platform' to enable JTA platform integration)
2025-11-19T20:11:49.908+09:00  INFO 420 --- [chronos] [restartedMain] j.LocalContainerEntityManagerFactoryBean : Initialized JPA EntityManagerFactory for persistence unit 'default'
2025-11-19T20:11:50.766+09:00  INFO 420 --- [chronos] [restartedMain] o.s.b.d.a.OptionalLiveReloadServer       : LiveReload server is running on port 35729
2025-11-19T20:11:50.771+09:00  INFO 420 --- [chronos] [restartedMain] o.s.b.a.e.web.EndpointLinksResolver      : Exposing 1 endpoint beneath base path '/actuator'
2025-11-19T20:11:50.808+09:00  INFO 420 --- [chronos] [restartedMain] o.s.b.w.embedded.tomcat.TomcatWebServer  : Tomcat started on port 5000 (http) with context path '/api/v1'
2025-11-19T20:11:50.819+09:00  INFO 420 --- [chronos] [restartedMain] c.slowhigh.chronos.ChronosApplication    : Started ChronosApplication in 3.527 seconds (process running for 3.769)
2025-11-19T20:12:00.943+09:00  INFO 420 --- [chronos] [http-nio-5000-exec-2] o.a.c.c.C.[.[localhost].[/api/v1]        : Initializing Spring DispatcherServlet 'dispatcherServlet'
2025-11-19T20:12:00.944+09:00  INFO 420 --- [chronos] [http-nio-5000-exec-2] o.s.web.servlet.DispatcherServlet        : Initializing Servlet 'dispatcherServlet'
2025-11-19T20:12:00.945+09:00  INFO 420 --- [chronos] [http-nio-5000-exec-2] o.s.web.servlet.DispatcherServlet        : Completed initialization in 1 ms
2025-11-19T20:12:01.062+09:00 DEBUG 420 --- [chronos] [http-nio-5000-exec-2] c.s.c.timer.controller.TimerController   : 타이머 생성 요청: TimerCreateReq[targetTime=2025-11-19T12:12:00Z]
2025-11-19T20:12:01.097+09:00 DEBUG 420 --- [chronos] [http-nio-5000-exec-2] c.s.c.t.service.impl.TimerServiceImpl    : 신규 타이머 생성: timerId=2c69ef3f-e752-4fbe-a486-d62a8fa377ca, ownerToken=955b936c-e13c-4949-b82a-2e8379d28f73
2025-11-19T20:12:01.313+09:00 DEBUG 420 --- [chronos] [http-nio-5000-exec-2] c.s.chronos.timer.handler.TimerHandler   : Timer(2c69ef3f-e752-4fbe-a486-d62a8fa377ca)가 3599초 후에 만료되도록 설정되었습니다.
2025-11-19T20:12:01.325+09:00 DEBUG 420 --- [chronos] [http-nio-5000-exec-2] org.hibernate.SQL                        : 
    /* insert for
        com.slowhigh.chronos.timer.domain.Timer */insert 
    into
        timers (created_at, owner_token, target_time, updated_at, id) 
    values
        (?, ?, ?, ?, ?)
2025-11-19T20:12:01.327+09:00 TRACE 420 --- [chronos] [http-nio-5000-exec-2] org.hibernate.orm.jdbc.bind              : binding parameter (1:TIMESTAMP_UTC) <- [2025-11-19T11:12:01.081303Z]
2025-11-19T20:12:01.328+09:00 TRACE 420 --- [chronos] [http-nio-5000-exec-2] org.hibernate.orm.jdbc.bind              : binding parameter (2:UUID) <- [955b936c-e13c-4949-b82a-2e8379d28f73]
2025-11-19T20:12:01.328+09:00 TRACE 420 --- [chronos] [http-nio-5000-exec-2] org.hibernate.orm.jdbc.bind              : binding parameter (3:TIMESTAMP_UTC) <- [2025-11-19T12:12:00Z]
2025-11-19T20:12:01.328+09:00 TRACE 420 --- [chronos] [http-nio-5000-exec-2] org.hibernate.orm.jdbc.bind              : binding parameter (4:TIMESTAMP_UTC) <- [2025-11-19T11:12:01.081303Z]
2025-11-19T20:12:01.328+09:00 TRACE 420 --- [chronos] [http-nio-5000-exec-2] org.hibernate.orm.jdbc.bind              : binding parameter (5:UUID) <- [2c69ef3f-e752-4fbe-a486-d62a8fa377ca]
2025-11-19T20:12:01.347+09:00 DEBUG 420 --- [chronos] [http-nio-5000-exec-2] c.s.c.timer.controller.TimerController   : 타이머 생성 응답: TimerCreateRes[timerId=2c69ef3f-e752-4fbe-a486-d62a8fa377ca, ownerToken=955b936c-e13c-4949-b82a-2e8379d28f73]
2025-11-19T20:12:01.424+09:00 DEBUG 420 --- [chronos] [http-nio-5000-exec-1] org.hibernate.SQL                        : 
    select
        t1_0.id,
        t1_0.created_at,
        t1_0.owner_token,
        t1_0.target_time,
        t1_0.updated_at 
    from
        timers t1_0 
    where
        t1_0.id=?
2025-11-19T20:12:01.425+09:00 TRACE 420 --- [chronos] [http-nio-5000-exec-1] org.hibernate.orm.jdbc.bind              : binding parameter (1:UUID) <- [2c69ef3f-e752-4fbe-a486-d62a8fa377ca]
2025-11-19T20:12:01.433+09:00 DEBUG 420 --- [chronos] [http-nio-5000-exec-1] org.hibernate.SQL                        : 
    select
        t1_0.timer_id,
        t1_0.id,
        t1_0.captured_at,
        t1_0.created_at,
        t1_0.target_time,
        t1_0.updated_at 
    from
        timestamps t1_0 
    where
        t1_0.timer_id=?
2025-11-19T20:12:01.433+09:00 TRACE 420 --- [chronos] [http-nio-5000-exec-1] org.hibernate.orm.jdbc.bind              : binding parameter (1:UUID) <- [2c69ef3f-e752-4fbe-a486-d62a8fa377ca]
