2025-12-04T14:54:39.937+09:00  INFO 20692 --- [sync-service] [restartedMain] c.s.syncservice.SyncServiceApplication   : Starting SyncServiceApplication using Java 21.0.4 with PID 20692 (D:\code\git\share-timer\server\sync-service\build\classes\java\main started by yhjo in D:\code\git\share-timer\server\sync-service)
2025-12-04T14:54:39.938+09:00 DEBUG 20692 --- [sync-service] [restartedMain] c.s.syncservice.SyncServiceApplication   : Running with Spring Boot v3.3.5, Spring v6.1.14
2025-12-04T14:54:39.939+09:00  INFO 20692 --- [sync-service] [restartedMain] c.s.syncservice.SyncServiceApplication   : The following 1 profile is active: "local"
2025-12-04T14:54:39.968+09:00  INFO 20692 --- [sync-service] [restartedMain] .e.DevToolsPropertyDefaultsPostProcessor : Devtools property defaults active! Set 'spring.devtools.add-properties' to 'false' to disable
2025-12-04T14:54:39.970+09:00  INFO 20692 --- [sync-service] [restartedMain] .e.DevToolsPropertyDefaultsPostProcessor : For additional web related logging consider setting the 'logging.level.web' property to 'DEBUG'
2025-12-04T14:54:40.602+09:00  INFO 20692 --- [sync-service] [restartedMain] .s.d.r.c.RepositoryConfigurationDelegate : Multiple Spring Data modules found, entering strict repository configuration mode
2025-12-04T14:54:40.603+09:00  INFO 20692 --- [sync-service] [restartedMain] .s.d.r.c.RepositoryConfigurationDelegate : Bootstrapping Spring Data Redis repositories in DEFAULT mode.
2025-12-04T14:54:40.622+09:00  INFO 20692 --- [sync-service] [restartedMain] .s.d.r.c.RepositoryConfigurationDelegate : Finished Spring Data repository scanning in 9 ms. Found 0 Redis repository interfaces.
2025-12-04T14:54:40.764+09:00  INFO 20692 --- [sync-service] [restartedMain] o.s.cloud.context.scope.GenericScope     : BeanFactory id=faac45b7-e869-3857-919e-f19ad0c5a5bb
2025-12-04T14:54:40.802+09:00  WARN 20692 --- [sync-service] [restartedMain] trationDelegate$BeanPostProcessorChecker : Bean 'org.springframework.cloud.client.loadbalancer.LoadBalancerAutoConfiguration$DeferringLoadBalancerInterceptorConfig' of type [org.springframework.cloud.client.loadbalancer.LoadBalancerAutoConfiguration$DeferringLoadBalancerInterceptorConfig] is not eligible for getting processed by all BeanPostProcessors (for example: not eligible for auto-proxying). The currently created BeanPostProcessor [lbRestClientPostProcessor] is declared through a non-static factory method on that class; consider declaring it as static instead.
2025-12-04T14:54:40.804+09:00  WARN 20692 --- [sync-service] [restartedMain] trationDelegate$BeanPostProcessorChecker : Bean 'deferringLoadBalancerInterceptor' of type [org.springframework.cloud.client.loadbalancer.DeferringLoadBalancerInterceptor] is not eligible for getting processed by all BeanPostProcessors (for example: not eligible for auto-proxying). Is this bean getting eagerly injected/applied to a currently created BeanPostProcessor [lbRestClientPostProcessor]? Check the corresponding BeanPostProcessor declaration and its dependencies/advisors. If this bean does not have to be post-processed, declare it with ROLE_INFRASTRUCTURE.
2025-12-04T14:54:41.031+09:00  INFO 20692 --- [sync-service] [restartedMain] o.s.b.w.embedded.tomcat.TomcatWebServer  : Tomcat initialized with port 5500 (http)
2025-12-04T14:54:41.041+09:00  INFO 20692 --- [sync-service] [restartedMain] o.apache.catalina.core.StandardService   : Starting service [Tomcat]
2025-12-04T14:54:41.041+09:00  INFO 20692 --- [sync-service] [restartedMain] o.apache.catalina.core.StandardEngine    : Starting Servlet engine: [Apache Tomcat/10.1.31]
2025-12-04T14:54:41.074+09:00  INFO 20692 --- [sync-service] [restartedMain] o.a.c.c.C.[.[localhost].[/sync/v1]       : Initializing Spring embedded WebApplicationContext
2025-12-04T14:54:41.074+09:00  INFO 20692 --- [sync-service] [restartedMain] w.s.c.ServletWebServerApplicationContext : Root WebApplicationContext: initialization completed in 1104 ms
2025-12-04T14:54:41.372+09:00  INFO 20692 --- [sync-service] [restartedMain] o.s.b.d.a.OptionalLiveReloadServer       : LiveReload server is running on port 35729
2025-12-04T14:54:42.244+09:00  INFO 20692 --- [sync-service] [restartedMain] DiscoveryClientOptionalArgsConfiguration : Eureka HTTP Client uses RestTemplate.
2025-12-04T14:54:42.261+09:00  WARN 20692 --- [sync-service] [restartedMain] iguration$LoadBalancerCaffeineWarnLogger : Spring Cloud LoadBalancer is currently working with the default cache. While this cache implementation is useful for development and tests, it's recommended to use Caffeine cache in production.You can switch to using Caffeine cache, by adding it and org.springframework.cache.caffeine.CaffeineCacheManager to the classpath.
2025-12-04T14:54:42.271+09:00  INFO 20692 --- [sync-service] [restartedMain] o.s.b.a.e.web.EndpointLinksResolver      : Exposing 1 endpoint beneath base path '/actuator'
2025-12-04T14:54:42.305+09:00  INFO 20692 --- [sync-service] [restartedMain] o.s.c.n.eureka.InstanceInfoFactory       : Setting initial instance status as: STARTING
2025-12-04T14:54:42.322+09:00  INFO 20692 --- [sync-service] [restartedMain] com.netflix.discovery.DiscoveryClient    : Initializing Eureka in region us-east-1
2025-12-04T14:54:42.325+09:00  INFO 20692 --- [sync-service] [restartedMain] c.n.d.s.r.aws.ConfigClusterResolver      : Resolving eureka endpoints via configuration
2025-12-04T14:54:42.331+09:00  INFO 20692 --- [sync-service] [restartedMain] com.netflix.discovery.DiscoveryClient    : Disable delta property : false
2025-12-04T14:54:42.331+09:00  INFO 20692 --- [sync-service] [restartedMain] com.netflix.discovery.DiscoveryClient    : Single vip registry refresh property : null
2025-12-04T14:54:42.331+09:00  INFO 20692 --- [sync-service] [restartedMain] com.netflix.discovery.DiscoveryClient    : Force full registry fetch : false
2025-12-04T14:54:42.331+09:00  INFO 20692 --- [sync-service] [restartedMain] com.netflix.discovery.DiscoveryClient    : Application is null : false
2025-12-04T14:54:42.331+09:00  INFO 20692 --- [sync-service] [restartedMain] com.netflix.discovery.DiscoveryClient    : Registered Applications size is zero : true
2025-12-04T14:54:42.332+09:00  INFO 20692 --- [sync-service] [restartedMain] com.netflix.discovery.DiscoveryClient    : Application version is -1: true
2025-12-04T14:54:42.332+09:00  INFO 20692 --- [sync-service] [restartedMain] com.netflix.discovery.DiscoveryClient    : Getting all instance registry info from the eureka server
2025-12-04T14:54:42.611+09:00  INFO 20692 --- [sync-service] [restartedMain] com.netflix.discovery.DiscoveryClient    : The response status is 200
2025-12-04T14:54:42.613+09:00  INFO 20692 --- [sync-service] [restartedMain] com.netflix.discovery.DiscoveryClient    : Starting heartbeat executor: renew interval is: 30
2025-12-04T14:54:42.614+09:00  INFO 20692 --- [sync-service] [restartedMain] c.n.discovery.InstanceInfoReplicator     : InstanceInfoReplicator onDemand update allowed rate per min is 4
2025-12-04T14:54:42.615+09:00  INFO 20692 --- [sync-service] [restartedMain] com.netflix.discovery.DiscoveryClient    : Discovery Client initialized at timestamp 1764827682614 with initial instances count: 3
2025-12-04T14:54:42.617+09:00  INFO 20692 --- [sync-service] [restartedMain] o.s.c.n.e.s.EurekaServiceRegistry        : Registering application SYNC-SERVICE with eureka with status UP
2025-12-04T14:54:42.617+09:00  INFO 20692 --- [sync-service] [restartedMain] com.netflix.discovery.DiscoveryClient    : Saw local status change event StatusChangeEvent [timestamp=1764827682617, current=UP, previous=STARTING]
2025-12-04T14:54:42.618+09:00  INFO 20692 --- [sync-service] [DiscoveryClient-InstanceInfoReplicator-%d] com.netflix.discovery.DiscoveryClient    : DiscoveryClient_SYNC-SERVICE/host.docker.internal:sync-service:5500: registering service...
2025-12-04T14:54:42.625+09:00  INFO 20692 --- [sync-service] [restartedMain] o.s.b.w.embedded.tomcat.TomcatWebServer  : Tomcat started on port 5500 (http) with context path '/sync/v1'
2025-12-04T14:54:42.625+09:00  INFO 20692 --- [sync-service] [restartedMain] .s.c.n.e.s.EurekaAutoServiceRegistration : Updating port to 5500
2025-12-04T14:54:42.641+09:00  INFO 20692 --- [sync-service] [DiscoveryClient-InstanceInfoReplicator-%d] com.netflix.discovery.DiscoveryClient    : DiscoveryClient_SYNC-SERVICE/host.docker.internal:sync-service:5500 - registration status: 204
2025-12-04T14:54:42.715+09:00  INFO 20692 --- [sync-service] [restartedMain] c.s.syncservice.SyncServiceApplication   : Started SyncServiceApplication in 3.056 seconds (process running for 3.376)
2025-12-04T14:55:17.353+09:00  WARN 20692 --- [sync-service] [timerPubSubRedisListenerContainer-1] c.s.syncservice.handler.SseEmitters      : TimestampAdd 이벤트 전송 대상 없음, timerId: 2aaa1157-7402-4e6a-888c-c237a742e74c
2025-12-04T14:57:12.834+09:00  INFO 20692 --- [sync-service] [DiscoveryClient-HeartbeatExecutor-%d] com.netflix.discovery.DiscoveryClient    : DiscoveryClient_SYNC-SERVICE/host.docker.internal:sync-service:5500 - Re-registering apps/SYNC-SERVICE
2025-12-04T14:57:12.834+09:00  INFO 20692 --- [sync-service] [DiscoveryClient-HeartbeatExecutor-%d] com.netflix.discovery.DiscoveryClient    : DiscoveryClient_SYNC-SERVICE/host.docker.internal:sync-service:5500: registering service...
2025-12-04T14:57:12.884+09:00  INFO 20692 --- [sync-service] [DiscoveryClient-HeartbeatExecutor-%d] com.netflix.discovery.DiscoveryClient    : DiscoveryClient_SYNC-SERVICE/host.docker.internal:sync-service:5500 - registration status: 204
2025-12-04T14:57:42.822+09:00  INFO 20692 --- [sync-service] [DiscoveryClient-CacheRefreshExecutor-%d] com.netflix.discovery.DiscoveryClient    : Disable delta property : false
2025-12-04T14:57:42.823+09:00  INFO 20692 --- [sync-service] [DiscoveryClient-CacheRefreshExecutor-%d] com.netflix.discovery.DiscoveryClient    : Single vip registry refresh property : null
2025-12-04T14:57:42.824+09:00  INFO 20692 --- [sync-service] [DiscoveryClient-CacheRefreshExecutor-%d] com.netflix.discovery.DiscoveryClient    : Force full registry fetch : false
2025-12-04T14:57:42.824+09:00  INFO 20692 --- [sync-service] [DiscoveryClient-CacheRefreshExecutor-%d] com.netflix.discovery.DiscoveryClient    : Application is null : false
2025-12-04T14:57:42.824+09:00  INFO 20692 --- [sync-service] [DiscoveryClient-CacheRefreshExecutor-%d] com.netflix.discovery.DiscoveryClient    : Registered Applications size is zero : true
2025-12-04T14:57:42.824+09:00  INFO 20692 --- [sync-service] [DiscoveryClient-CacheRefreshExecutor-%d] com.netflix.discovery.DiscoveryClient    : Application version is -1: false
2025-12-04T14:57:42.824+09:00  INFO 20692 --- [sync-service] [DiscoveryClient-CacheRefreshExecutor-%d] com.netflix.discovery.DiscoveryClient    : Getting all instance registry info from the eureka server
2025-12-04T14:57:42.844+09:00  INFO 20692 --- [sync-service] [DiscoveryClient-CacheRefreshExecutor-%d] com.netflix.discovery.DiscoveryClient    : The response status is 200
2025-12-04T14:59:42.336+09:00  INFO 20692 --- [sync-service] [AsyncResolver-bootstrap-executor-%d] c.n.d.s.r.aws.ConfigClusterResolver      : Resolving eureka endpoints via configuration
2025-12-04T15:00:02.098+09:00  INFO 20692 --- [sync-service] [http-nio-5500-exec-5] o.a.c.c.C.[.[localhost].[/sync/v1]       : Initializing Spring DispatcherServlet 'dispatcherServlet'
2025-12-04T15:00:02.098+09:00  INFO 20692 --- [sync-service] [http-nio-5500-exec-5] o.s.web.servlet.DispatcherServlet        : Initializing Servlet 'dispatcherServlet'
2025-12-04T15:00:02.100+09:00  INFO 20692 --- [sync-service] [http-nio-5500-exec-5] o.s.web.servlet.DispatcherServlet        : Completed initialization in 2 ms
2025-12-04T15:00:02.154+09:00 DEBUG 20692 --- [sync-service] [http-nio-5500-exec-5] c.s.syncservice.handler.SseEmitters      : 추가 성공, timerId: e29bad52-9b19-470a-83b1-bb8db902c918, 현재 구독자 수: 1
2025-12-04T15:00:02.155+09:00 DEBUG 20692 --- [sync-service] [pool-1-thread-1] c.s.syncservice.handler.SseEmitters      : Heartbeat 전송 성공, timerId: e29bad52-9b19-470a-83b1-bb8db902c918
2025-12-04T15:00:14.195+09:00 DEBUG 20692 --- [sync-service] [http-nio-5500-exec-6] c.s.syncservice.handler.SseEmitters      : 추가 성공, timerId: e29bad52-9b19-470a-83b1-bb8db902c918, 현재 구독자 수: 2
2025-12-04T15:00:14.195+09:00 DEBUG 20692 --- [sync-service] [pool-1-thread-1] c.s.syncservice.handler.SseEmitters      : Heartbeat 전송 성공, timerId: e29bad52-9b19-470a-83b1-bb8db902c918
2025-12-04T15:00:16.474+09:00 DEBUG 20692 --- [sync-service] [timerPubSubRedisListenerContainer-2] c.s.syncservice.handler.SseEmitters      : TimestampAdd 이벤트 전송 성공, timerId: e29bad52-9b19-470a-83b1-bb8db902c918, targetTime: 2025-12-04T06:59:58Z, capturedAt: 2025-12-04T06:00:16Z
2025-12-04T15:00:16.476+09:00 DEBUG 20692 --- [sync-service] [timerPubSubRedisListenerContainer-2] c.s.syncservice.handler.SseEmitters      : TimestampAdd 이벤트 전송 성공, timerId: e29bad52-9b19-470a-83b1-bb8db902c918, targetTime: 2025-12-04T06:59:58Z, capturedAt: 2025-12-04T06:00:16Z
2025-12-04T15:00:17.704+09:00 DEBUG 20692 --- [sync-service] [timerPubSubRedisListenerContainer-3] c.s.syncservice.handler.SseEmitters      : TimestampAdd 이벤트 전송 성공, timerId: e29bad52-9b19-470a-83b1-bb8db902c918, targetTime: 2025-12-04T06:59:58Z, capturedAt: 2025-12-04T06:00:17Z
2025-12-04T15:00:17.705+09:00 DEBUG 20692 --- [sync-service] [timerPubSubRedisListenerContainer-3] c.s.syncservice.handler.SseEmitters      : TimestampAdd 이벤트 전송 성공, timerId: e29bad52-9b19-470a-83b1-bb8db902c918, targetTime: 2025-12-04T06:59:58Z, capturedAt: 2025-12-04T06:00:17Z
2025-12-04T15:00:18.624+09:00 DEBUG 20692 --- [sync-service] [timerPubSubRedisListenerContainer-4] c.s.syncservice.handler.SseEmitters      : TimestampAdd 이벤트 전송 성공, timerId: e29bad52-9b19-470a-83b1-bb8db902c918, targetTime: 2025-12-04T06:59:58Z, capturedAt: 2025-12-04T06:00:18Z
2025-12-04T15:00:18.626+09:00 DEBUG 20692 --- [sync-service] [timerPubSubRedisListenerContainer-4] c.s.syncservice.handler.SseEmitters      : TimestampAdd 이벤트 전송 성공, timerId: e29bad52-9b19-470a-83b1-bb8db902c918, targetTime: 2025-12-04T06:59:58Z, capturedAt: 2025-12-04T06:00:18Z
2025-12-04T15:00:23.363+09:00 DEBUG 20692 --- [sync-service] [timerPubSubRedisListenerContainer-5] c.s.syncservice.handler.SseEmitters      : TimestampAdd 이벤트 전송 성공, timerId: e29bad52-9b19-470a-83b1-bb8db902c918, targetTime: 2025-12-04T06:59:58Z, capturedAt: 2025-12-04T06:00:23Z
2025-12-04T15:00:23.364+09:00 DEBUG 20692 --- [sync-service] [timerPubSubRedisListenerContainer-5] c.s.syncservice.handler.SseEmitters      : TimestampAdd 이벤트 전송 성공, timerId: e29bad52-9b19-470a-83b1-bb8db902c918, targetTime: 2025-12-04T06:59:58Z, capturedAt: 2025-12-04T06:00:23Z
2025-12-04T15:00:23.966+09:00 DEBUG 20692 --- [sync-service] [timerPubSubRedisListenerContainer-6] c.s.syncservice.handler.SseEmitters      : TimestampAdd 이벤트 전송 성공, timerId: e29bad52-9b19-470a-83b1-bb8db902c918, targetTime: 2025-12-04T06:59:58Z, capturedAt: 2025-12-04T06:00:23Z
2025-12-04T15:00:23.967+09:00 DEBUG 20692 --- [sync-service] [timerPubSubRedisListenerContainer-6] c.s.syncservice.handler.SseEmitters      : TimestampAdd 이벤트 전송 성공, timerId: e29bad52-9b19-470a-83b1-bb8db902c918, targetTime: 2025-12-04T06:59:58Z, capturedAt: 2025-12-04T06:00:23Z
2025-12-04T15:00:24.751+09:00 DEBUG 20692 --- [sync-service] [timerPubSubRedisListenerContainer-7] c.s.syncservice.handler.SseEmitters      : TimestampAdd 이벤트 전송 성공, timerId: e29bad52-9b19-470a-83b1-bb8db902c918, targetTime: 2025-12-04T06:59:58Z, capturedAt: 2025-12-04T06:00:24Z
2025-12-04T15:00:24.751+09:00 DEBUG 20692 --- [sync-service] [timerPubSubRedisListenerContainer-7] c.s.syncservice.handler.SseEmitters      : TimestampAdd 이벤트 전송 성공, timerId: e29bad52-9b19-470a-83b1-bb8db902c918, targetTime: 2025-12-04T06:59:58Z, capturedAt: 2025-12-04T06:00:24Z
2025-12-04T15:00:32.154+09:00 DEBUG 20692 --- [sync-service] [pool-1-thread-1] c.s.syncservice.handler.SseEmitters      : Heartbeat 전송 성공, timerId: e29bad52-9b19-470a-83b1-bb8db902c918
2025-12-04T15:00:44.209+09:00 DEBUG 20692 --- [sync-service] [pool-1-thread-1] c.s.syncservice.handler.SseEmitters      : Heartbeat 전송 성공, timerId: e29bad52-9b19-470a-83b1-bb8db902c918
2025-12-04T15:01:02.166+09:00  WARN 20692 --- [sync-service] [pool-1-thread-1] c.s.syncservice.handler.SseEmitters      : Heartbeat 전송 실패, timerId: e29bad52-9b19-470a-83b1-bb8db902c918
2025-12-04T15:01:02.173+09:00 ERROR 20692 --- [sync-service] [http-nio-5500-exec-7] o.a.c.c.C.[.[.[.[dispatcherServlet]      : Servlet.service() for servlet [dispatcherServlet] threw exception

java.io.IOException: 현재 연결은 사용자의 호스트 시스템의 소프트웨어의 의해 중단되었습니다
	at java.base/sun.nio.ch.SocketDispatcher.write0(Native Method) ~[na:na]
	at java.base/sun.nio.ch.SocketDispatcher.write(SocketDispatcher.java:54) ~[na:na]
	at java.base/sun.nio.ch.IOUtil.writeFromNativeBuffer(IOUtil.java:137) ~[na:na]
	at java.base/sun.nio.ch.IOUtil.write(IOUtil.java:102) ~[na:na]
	at java.base/sun.nio.ch.IOUtil.write(IOUtil.java:58) ~[na:na]
	at java.base/sun.nio.ch.SocketChannelImpl.write(SocketChannelImpl.java:542) ~[na:na]
	at org.apache.tomcat.util.net.NioChannel.write(NioChannel.java:122) ~[tomcat-embed-core-10.1.31.jar:10.1.31]
	at org.apache.tomcat.util.net.NioEndpoint$NioSocketWrapper.doWrite(NioEndpoint.java:1378) ~[tomcat-embed-core-10.1.31.jar:10.1.31]
	at org.apache.tomcat.util.net.SocketWrapperBase.doWrite(SocketWrapperBase.java:764) ~[tomcat-embed-core-10.1.31.jar:10.1.31]
	at org.apache.tomcat.util.net.SocketWrapperBase.flushBlocking(SocketWrapperBase.java:728) ~[tomcat-embed-core-10.1.31.jar:10.1.31]
	at org.apache.tomcat.util.net.SocketWrapperBase.flush(SocketWrapperBase.java:712) ~[tomcat-embed-core-10.1.31.jar:10.1.31]
	at org.apache.coyote.http11.Http11OutputBuffer$SocketOutputBuffer.flush(Http11OutputBuffer.java:574) ~[tomcat-embed-core-10.1.31.jar:10.1.31]
	at org.apache.coyote.http11.filters.ChunkedOutputFilter.flush(ChunkedOutputFilter.java:156) ~[tomcat-embed-core-10.1.31.jar:10.1.31]
	at org.apache.coyote.http11.Http11OutputBuffer.flush(Http11OutputBuffer.java:216) ~[tomcat-embed-core-10.1.31.jar:10.1.31]
	at org.apache.coyote.http11.Http11Processor.flush(Http11Processor.java:1252) ~[tomcat-embed-core-10.1.31.jar:10.1.31]
	at org.apache.coyote.AbstractProcessor.action(AbstractProcessor.java:408) ~[tomcat-embed-core-10.1.31.jar:10.1.31]
	at org.apache.coyote.Response.action(Response.java:208) ~[tomcat-embed-core-10.1.31.jar:10.1.31]
	at org.apache.catalina.connector.OutputBuffer.doFlush(OutputBuffer.java:299) ~[tomcat-embed-core-10.1.31.jar:10.1.31]
	at org.apache.catalina.connector.OutputBuffer.flush(OutputBuffer.java:265) ~[tomcat-embed-core-10.1.31.jar:10.1.31]
	at org.apache.catalina.connector.CoyoteOutputStream.flush(CoyoteOutputStream.java:136) ~[tomcat-embed-core-10.1.31.jar:10.1.31]
	at org.springframework.web.context.request.async.StandardServletAsyncWebRequest$LifecycleServletOutputStream.flush(StandardServletAsyncWebRequest.java:412) ~[spring-web-6.1.14.jar:6.1.14]
	at org.springframework.util.StreamUtils.copy(StreamUtils.java:135) ~[spring-core-6.1.14.jar:6.1.14]
	at org.springframework.http.converter.StringHttpMessageConverter.writeInternal(StringHttpMessageConverter.java:128) ~[spring-web-6.1.14.jar:6.1.14]
	at org.springframework.http.converter.StringHttpMessageConverter.writeInternal(StringHttpMessageConverter.java:44) ~[spring-web-6.1.14.jar:6.1.14]
	at org.springframework.http.converter.AbstractHttpMessageConverter.write(AbstractHttpMessageConverter.java:235) ~[spring-web-6.1.14.jar:6.1.14]
	at org.springframework.web.servlet.mvc.method.annotation.ResponseBodyEmitterReturnValueHandler$HttpMessageConvertingHandler.sendInternal(ResponseBodyEmitterReturnValueHandler.java:221) ~[spring-webmvc-6.1.14.jar:6.1.14]
	at org.springframework.web.servlet.mvc.method.annotation.ResponseBodyEmitterReturnValueHandler$HttpMessageConvertingHandler.send(ResponseBodyEmitterReturnValueHandler.java:212) ~[spring-webmvc-6.1.14.jar:6.1.14]
	at org.springframework.web.servlet.mvc.method.annotation.ResponseBodyEmitter.sendInternal(ResponseBodyEmitter.java:223) ~[spring-webmvc-6.1.14.jar:6.1.14]
	at org.springframework.web.servlet.mvc.method.annotation.ResponseBodyEmitter.send(ResponseBodyEmitter.java:214) ~[spring-webmvc-6.1.14.jar:6.1.14]
	at org.springframework.web.servlet.mvc.method.annotation.SseEmitter.send(SseEmitter.java:135) ~[spring-webmvc-6.1.14.jar:6.1.14]
	at com.sharetimer.syncservice.handler.SseEmitters.lambda$setupHeartbeat$1(SseEmitters.java:105) ~[main/:na]
	at java.base/java.util.concurrent.Executors$RunnableAdapter.call(Executors.java:572) ~[na:na]
	at java.base/java.util.concurrent.FutureTask.runAndReset(FutureTask.java:358) ~[na:na]
	at java.base/java.util.concurrent.ScheduledThreadPoolExecutor$ScheduledFutureTask.run(ScheduledThreadPoolExecutor.java:305) ~[na:na]
	at java.base/java.util.concurrent.ThreadPoolExecutor.runWorker(ThreadPoolExecutor.java:1144) ~[na:na]
	at java.base/java.util.concurrent.ThreadPoolExecutor$Worker.run(ThreadPoolExecutor.java:642) ~[na:na]
	at java.base/java.lang.Thread.run(Thread.java:1583) ~[na:na]

2025-12-04T15:01:02.175+09:00 DEBUG 20692 --- [sync-service] [http-nio-5500-exec-7] c.s.syncservice.handler.SseEmitters      : 완료 콜백 호출, timerId: e29bad52-9b19-470a-83b1-bb8db902c918
2025-12-04T15:01:02.175+09:00 DEBUG 20692 --- [sync-service] [http-nio-5500-exec-7] c.s.syncservice.handler.SseEmitters      : 제거 성공, timerId: e29bad52-9b19-470a-83b1-bb8db902c918, 현재 구독자 수: 1
2025-12-04T15:01:02.178+09:00 ERROR 20692 --- [sync-service] [http-nio-5500-exec-7] o.a.c.c.C.[.[.[.[dispatcherServlet]      : Servlet.service() for servlet [dispatcherServlet] in context with path [/sync/v1] threw exception

java.io.IOException: 현재 연결은 사용자의 호스트 시스템의 소프트웨어의 의해 중단되었습니다
	at java.base/sun.nio.ch.SocketDispatcher.write0(Native Method) ~[na:na]
	at java.base/sun.nio.ch.SocketDispatcher.write(SocketDispatcher.java:54) ~[na:na]
	at java.base/sun.nio.ch.IOUtil.writeFromNativeBuffer(IOUtil.java:137) ~[na:na]
	at java.base/sun.nio.ch.IOUtil.write(IOUtil.java:102) ~[na:na]
	at java.base/sun.nio.ch.IOUtil.write(IOUtil.java:58) ~[na:na]
	at java.base/sun.nio.ch.SocketChannelImpl.write(SocketChannelImpl.java:542) ~[na:na]
	at org.apache.tomcat.util.net.NioChannel.write(NioChannel.java:122) ~[tomcat-embed-core-10.1.31.jar:10.1.31]
	at org.apache.tomcat.util.net.NioEndpoint$NioSocketWrapper.doWrite(NioEndpoint.java:1378) ~[tomcat-embed-core-10.1.31.jar:10.1.31]
	at org.apache.tomcat.util.net.SocketWrapperBase.doWrite(SocketWrapperBase.java:764) ~[tomcat-embed-core-10.1.31.jar:10.1.31]
	at org.apache.tomcat.util.net.SocketWrapperBase.flushBlocking(SocketWrapperBase.java:728) ~[tomcat-embed-core-10.1.31.jar:10.1.31]
	at org.apache.tomcat.util.net.SocketWrapperBase.flush(SocketWrapperBase.java:712) ~[tomcat-embed-core-10.1.31.jar:10.1.31]
	at org.apache.coyote.http11.Http11OutputBuffer$SocketOutputBuffer.flush(Http11OutputBuffer.java:574) ~[tomcat-embed-core-10.1.31.jar:10.1.31]
	at org.apache.coyote.http11.filters.ChunkedOutputFilter.flush(ChunkedOutputFilter.java:156) ~[tomcat-embed-core-10.1.31.jar:10.1.31]
	at org.apache.coyote.http11.Http11OutputBuffer.flush(Http11OutputBuffer.java:216) ~[tomcat-embed-core-10.1.31.jar:10.1.31]
	at org.apache.coyote.http11.Http11Processor.flush(Http11Processor.java:1252) ~[tomcat-embed-core-10.1.31.jar:10.1.31]
	at org.apache.coyote.AbstractProcessor.action(AbstractProcessor.java:408) ~[tomcat-embed-core-10.1.31.jar:10.1.31]
	at org.apache.coyote.Response.action(Response.java:208) ~[tomcat-embed-core-10.1.31.jar:10.1.31]
	at org.apache.catalina.connector.OutputBuffer.doFlush(OutputBuffer.java:299) ~[tomcat-embed-core-10.1.31.jar:10.1.31]
	at org.apache.catalina.connector.OutputBuffer.flush(OutputBuffer.java:265) ~[tomcat-embed-core-10.1.31.jar:10.1.31]
	at org.apache.catalina.connector.CoyoteOutputStream.flush(CoyoteOutputStream.java:136) ~[tomcat-embed-core-10.1.31.jar:10.1.31]
	at org.springframework.web.context.request.async.StandardServletAsyncWebRequest$LifecycleServletOutputStream.flush(StandardServletAsyncWebRequest.java:412) ~[spring-web-6.1.14.jar:6.1.14]
	at org.springframework.util.StreamUtils.copy(StreamUtils.java:135) ~[spring-core-6.1.14.jar:6.1.14]
	at org.springframework.http.converter.StringHttpMessageConverter.writeInternal(StringHttpMessageConverter.java:128) ~[spring-web-6.1.14.jar:6.1.14]
	at org.springframework.http.converter.StringHttpMessageConverter.writeInternal(StringHttpMessageConverter.java:44) ~[spring-web-6.1.14.jar:6.1.14]
	at org.springframework.http.converter.AbstractHttpMessageConverter.write(AbstractHttpMessageConverter.java:235) ~[spring-web-6.1.14.jar:6.1.14]
	at org.springframework.web.servlet.mvc.method.annotation.ResponseBodyEmitterReturnValueHandler$HttpMessageConvertingHandler.sendInternal(ResponseBodyEmitterReturnValueHandler.java:221) ~[spring-webmvc-6.1.14.jar:6.1.14]
	at org.springframework.web.servlet.mvc.method.annotation.ResponseBodyEmitterReturnValueHandler$HttpMessageConvertingHandler.send(ResponseBodyEmitterReturnValueHandler.java:212) ~[spring-webmvc-6.1.14.jar:6.1.14]
	at org.springframework.web.servlet.mvc.method.annotation.ResponseBodyEmitter.sendInternal(ResponseBodyEmitter.java:223) ~[spring-webmvc-6.1.14.jar:6.1.14]
	at org.springframework.web.servlet.mvc.method.annotation.ResponseBodyEmitter.send(ResponseBodyEmitter.java:214) ~[spring-webmvc-6.1.14.jar:6.1.14]
	at org.springframework.web.servlet.mvc.method.annotation.SseEmitter.send(SseEmitter.java:135) ~[spring-webmvc-6.1.14.jar:6.1.14]
	at com.sharetimer.syncservice.handler.SseEmitters.lambda$setupHeartbeat$1(SseEmitters.java:105) ~[main/:na]
	at java.base/java.util.concurrent.Executors$RunnableAdapter.call(Executors.java:572) ~[na:na]
	at java.base/java.util.concurrent.FutureTask.runAndReset(FutureTask.java:358) ~[na:na]
	at java.base/java.util.concurrent.ScheduledThreadPoolExecutor$ScheduledFutureTask.run(ScheduledThreadPoolExecutor.java:305) ~[na:na]
	at java.base/java.util.concurrent.ThreadPoolExecutor.runWorker(ThreadPoolExecutor.java:1144) ~[na:na]
	at java.base/java.util.concurrent.ThreadPoolExecutor$Worker.run(ThreadPoolExecutor.java:642) ~[na:na]
	at java.base/java.lang.Thread.run(Thread.java:1583) ~[na:na]

2025-12-04T15:01:14.204+09:00  WARN 20692 --- [sync-service] [pool-1-thread-1] c.s.syncservice.handler.SseEmitters      : Heartbeat 전송 실패, timerId: e29bad52-9b19-470a-83b1-bb8db902c918
2025-12-04T15:01:14.207+09:00 ERROR 20692 --- [sync-service] [http-nio-5500-exec-8] o.a.c.c.C.[.[.[.[dispatcherServlet]      : Servlet.service() for servlet [dispatcherServlet] threw exception

java.io.IOException: 현재 연결은 사용자의 호스트 시스템의 소프트웨어의 의해 중단되었습니다
	at java.base/sun.nio.ch.SocketDispatcher.write0(Native Method) ~[na:na]
	at java.base/sun.nio.ch.SocketDispatcher.write(SocketDispatcher.java:54) ~[na:na]
	at java.base/sun.nio.ch.IOUtil.writeFromNativeBuffer(IOUtil.java:137) ~[na:na]
	at java.base/sun.nio.ch.IOUtil.write(IOUtil.java:102) ~[na:na]
	at java.base/sun.nio.ch.IOUtil.write(IOUtil.java:58) ~[na:na]
	at java.base/sun.nio.ch.SocketChannelImpl.write(SocketChannelImpl.java:542) ~[na:na]
	at org.apache.tomcat.util.net.NioChannel.write(NioChannel.java:122) ~[tomcat-embed-core-10.1.31.jar:10.1.31]
	at org.apache.tomcat.util.net.NioEndpoint$NioSocketWrapper.doWrite(NioEndpoint.java:1378) ~[tomcat-embed-core-10.1.31.jar:10.1.31]
	at org.apache.tomcat.util.net.SocketWrapperBase.doWrite(SocketWrapperBase.java:764) ~[tomcat-embed-core-10.1.31.jar:10.1.31]
	at org.apache.tomcat.util.net.SocketWrapperBase.flushBlocking(SocketWrapperBase.java:728) ~[tomcat-embed-core-10.1.31.jar:10.1.31]
	at org.apache.tomcat.util.net.SocketWrapperBase.flush(SocketWrapperBase.java:712) ~[tomcat-embed-core-10.1.31.jar:10.1.31]
	at org.apache.coyote.http11.Http11OutputBuffer$SocketOutputBuffer.flush(Http11OutputBuffer.java:574) ~[tomcat-embed-core-10.1.31.jar:10.1.31]
	at org.apache.coyote.http11.filters.ChunkedOutputFilter.flush(ChunkedOutputFilter.java:156) ~[tomcat-embed-core-10.1.31.jar:10.1.31]
	at org.apache.coyote.http11.Http11OutputBuffer.flush(Http11OutputBuffer.java:216) ~[tomcat-embed-core-10.1.31.jar:10.1.31]
	at org.apache.coyote.http11.Http11Processor.flush(Http11Processor.java:1252) ~[tomcat-embed-core-10.1.31.jar:10.1.31]
	at org.apache.coyote.AbstractProcessor.action(AbstractProcessor.java:408) ~[tomcat-embed-core-10.1.31.jar:10.1.31]
	at org.apache.coyote.Response.action(Response.java:208) ~[tomcat-embed-core-10.1.31.jar:10.1.31]
	at org.apache.catalina.connector.OutputBuffer.doFlush(OutputBuffer.java:299) ~[tomcat-embed-core-10.1.31.jar:10.1.31]
	at org.apache.catalina.connector.OutputBuffer.flush(OutputBuffer.java:265) ~[tomcat-embed-core-10.1.31.jar:10.1.31]
	at org.apache.catalina.connector.CoyoteOutputStream.flush(CoyoteOutputStream.java:136) ~[tomcat-embed-core-10.1.31.jar:10.1.31]
	at org.springframework.web.context.request.async.StandardServletAsyncWebRequest$LifecycleServletOutputStream.flush(StandardServletAsyncWebRequest.java:412) ~[spring-web-6.1.14.jar:6.1.14]
	at org.springframework.util.StreamUtils.copy(StreamUtils.java:135) ~[spring-core-6.1.14.jar:6.1.14]
	at org.springframework.http.converter.StringHttpMessageConverter.writeInternal(StringHttpMessageConverter.java:128) ~[spring-web-6.1.14.jar:6.1.14]
	at org.springframework.http.converter.StringHttpMessageConverter.writeInternal(StringHttpMessageConverter.java:44) ~[spring-web-6.1.14.jar:6.1.14]
	at org.springframework.http.converter.AbstractHttpMessageConverter.write(AbstractHttpMessageConverter.java:235) ~[spring-web-6.1.14.jar:6.1.14]
	at org.springframework.web.servlet.mvc.method.annotation.ResponseBodyEmitterReturnValueHandler$HttpMessageConvertingHandler.sendInternal(ResponseBodyEmitterReturnValueHandler.java:221) ~[spring-webmvc-6.1.14.jar:6.1.14]
	at org.springframework.web.servlet.mvc.method.annotation.ResponseBodyEmitterReturnValueHandler$HttpMessageConvertingHandler.send(ResponseBodyEmitterReturnValueHandler.java:212) ~[spring-webmvc-6.1.14.jar:6.1.14]
	at org.springframework.web.servlet.mvc.method.annotation.ResponseBodyEmitter.sendInternal(ResponseBodyEmitter.java:223) ~[spring-webmvc-6.1.14.jar:6.1.14]
	at org.springframework.web.servlet.mvc.method.annotation.ResponseBodyEmitter.send(ResponseBodyEmitter.java:214) ~[spring-webmvc-6.1.14.jar:6.1.14]
	at org.springframework.web.servlet.mvc.method.annotation.SseEmitter.send(SseEmitter.java:135) ~[spring-webmvc-6.1.14.jar:6.1.14]
	at com.sharetimer.syncservice.handler.SseEmitters.lambda$setupHeartbeat$1(SseEmitters.java:105) ~[main/:na]
	at java.base/java.util.concurrent.Executors$RunnableAdapter.call(Executors.java:572) ~[na:na]
	at java.base/java.util.concurrent.FutureTask.runAndReset(FutureTask.java:358) ~[na:na]
	at java.base/java.util.concurrent.ScheduledThreadPoolExecutor$ScheduledFutureTask.run(ScheduledThreadPoolExecutor.java:305) ~[na:na]
	at java.base/java.util.concurrent.ThreadPoolExecutor.runWorker(ThreadPoolExecutor.java:1144) ~[na:na]
	at java.base/java.util.concurrent.ThreadPoolExecutor$Worker.run(ThreadPoolExecutor.java:642) ~[na:na]
	at java.base/java.lang.Thread.run(Thread.java:1583) ~[na:na]

2025-12-04T15:01:14.209+09:00 DEBUG 20692 --- [sync-service] [http-nio-5500-exec-8] c.s.syncservice.handler.SseEmitters      : 완료 콜백 호출, timerId: e29bad52-9b19-470a-83b1-bb8db902c918
2025-12-04T15:01:14.209+09:00 DEBUG 20692 --- [sync-service] [http-nio-5500-exec-8] c.s.syncservice.handler.SseEmitters      : 제거 성공, timerId: e29bad52-9b19-470a-83b1-bb8db902c918, 현재 구독자 수: 0
2025-12-04T15:01:14.209+09:00 DEBUG 20692 --- [sync-service] [http-nio-5500-exec-8] c.s.syncservice.handler.SseEmitters      : Map에서 timerId 제거: e29bad52-9b19-470a-83b1-bb8db902c918
2025-12-04T15:01:14.209+09:00 ERROR 20692 --- [sync-service] [http-nio-5500-exec-8] o.a.c.c.C.[.[.[.[dispatcherServlet]      : Servlet.service() for servlet [dispatcherServlet] in context with path [/sync/v1] threw exception

java.io.IOException: 현재 연결은 사용자의 호스트 시스템의 소프트웨어의 의해 중단되었습니다
	at java.base/sun.nio.ch.SocketDispatcher.write0(Native Method) ~[na:na]
	at java.base/sun.nio.ch.SocketDispatcher.write(SocketDispatcher.java:54) ~[na:na]
	at java.base/sun.nio.ch.IOUtil.writeFromNativeBuffer(IOUtil.java:137) ~[na:na]
	at java.base/sun.nio.ch.IOUtil.write(IOUtil.java:102) ~[na:na]
	at java.base/sun.nio.ch.IOUtil.write(IOUtil.java:58) ~[na:na]
	at java.base/sun.nio.ch.SocketChannelImpl.write(SocketChannelImpl.java:542) ~[na:na]
	at org.apache.tomcat.util.net.NioChannel.write(NioChannel.java:122) ~[tomcat-embed-core-10.1.31.jar:10.1.31]
	at org.apache.tomcat.util.net.NioEndpoint$NioSocketWrapper.doWrite(NioEndpoint.java:1378) ~[tomcat-embed-core-10.1.31.jar:10.1.31]
	at org.apache.tomcat.util.net.SocketWrapperBase.doWrite(SocketWrapperBase.java:764) ~[tomcat-embed-core-10.1.31.jar:10.1.31]
	at org.apache.tomcat.util.net.SocketWrapperBase.flushBlocking(SocketWrapperBase.java:728) ~[tomcat-embed-core-10.1.31.jar:10.1.31]
	at org.apache.tomcat.util.net.SocketWrapperBase.flush(SocketWrapperBase.java:712) ~[tomcat-embed-core-10.1.31.jar:10.1.31]
	at org.apache.coyote.http11.Http11OutputBuffer$SocketOutputBuffer.flush(Http11OutputBuffer.java:574) ~[tomcat-embed-core-10.1.31.jar:10.1.31]
	at org.apache.coyote.http11.filters.ChunkedOutputFilter.flush(ChunkedOutputFilter.java:156) ~[tomcat-embed-core-10.1.31.jar:10.1.31]
	at org.apache.coyote.http11.Http11OutputBuffer.flush(Http11OutputBuffer.java:216) ~[tomcat-embed-core-10.1.31.jar:10.1.31]
	at org.apache.coyote.http11.Http11Processor.flush(Http11Processor.java:1252) ~[tomcat-embed-core-10.1.31.jar:10.1.31]
	at org.apache.coyote.AbstractProcessor.action(AbstractProcessor.java:408) ~[tomcat-embed-core-10.1.31.jar:10.1.31]
	at org.apache.coyote.Response.action(Response.java:208) ~[tomcat-embed-core-10.1.31.jar:10.1.31]
	at org.apache.catalina.connector.OutputBuffer.doFlush(OutputBuffer.java:299) ~[tomcat-embed-core-10.1.31.jar:10.1.31]
	at org.apache.catalina.connector.OutputBuffer.flush(OutputBuffer.java:265) ~[tomcat-embed-core-10.1.31.jar:10.1.31]
	at org.apache.catalina.connector.CoyoteOutputStream.flush(CoyoteOutputStream.java:136) ~[tomcat-embed-core-10.1.31.jar:10.1.31]
	at org.springframework.web.context.request.async.StandardServletAsyncWebRequest$LifecycleServletOutputStream.flush(StandardServletAsyncWebRequest.java:412) ~[spring-web-6.1.14.jar:6.1.14]
	at org.springframework.util.StreamUtils.copy(StreamUtils.java:135) ~[spring-core-6.1.14.jar:6.1.14]
	at org.springframework.http.converter.StringHttpMessageConverter.writeInternal(StringHttpMessageConverter.java:128) ~[spring-web-6.1.14.jar:6.1.14]
	at org.springframework.http.converter.StringHttpMessageConverter.writeInternal(StringHttpMessageConverter.java:44) ~[spring-web-6.1.14.jar:6.1.14]
	at org.springframework.http.converter.AbstractHttpMessageConverter.write(AbstractHttpMessageConverter.java:235) ~[spring-web-6.1.14.jar:6.1.14]
	at org.springframework.web.servlet.mvc.method.annotation.ResponseBodyEmitterReturnValueHandler$HttpMessageConvertingHandler.sendInternal(ResponseBodyEmitterReturnValueHandler.java:221) ~[spring-webmvc-6.1.14.jar:6.1.14]
	at org.springframework.web.servlet.mvc.method.annotation.ResponseBodyEmitterReturnValueHandler$HttpMessageConvertingHandler.send(ResponseBodyEmitterReturnValueHandler.java:212) ~[spring-webmvc-6.1.14.jar:6.1.14]
	at org.springframework.web.servlet.mvc.method.annotation.ResponseBodyEmitter.sendInternal(ResponseBodyEmitter.java:223) ~[spring-webmvc-6.1.14.jar:6.1.14]
	at org.springframework.web.servlet.mvc.method.annotation.ResponseBodyEmitter.send(ResponseBodyEmitter.java:214) ~[spring-webmvc-6.1.14.jar:6.1.14]
	at org.springframework.web.servlet.mvc.method.annotation.SseEmitter.send(SseEmitter.java:135) ~[spring-webmvc-6.1.14.jar:6.1.14]
	at com.sharetimer.syncservice.handler.SseEmitters.lambda$setupHeartbeat$1(SseEmitters.java:105) ~[main/:na]
	at java.base/java.util.concurrent.Executors$RunnableAdapter.call(Executors.java:572) ~[na:na]
	at java.base/java.util.concurrent.FutureTask.runAndReset(FutureTask.java:358) ~[na:na]
	at java.base/java.util.concurrent.ScheduledThreadPoolExecutor$ScheduledFutureTask.run(ScheduledThreadPoolExecutor.java:305) ~[na:na]
	at java.base/java.util.concurrent.ThreadPoolExecutor.runWorker(ThreadPoolExecutor.java:1144) ~[na:na]
	at java.base/java.util.concurrent.ThreadPoolExecutor$Worker.run(ThreadPoolExecutor.java:642) ~[na:na]
	at java.base/java.lang.Thread.run(Thread.java:1583) ~[na:na]

2025-12-04T15:04:42.342+09:00  INFO 20692 --- [sync-service] [AsyncResolver-bootstrap-executor-%d] c.n.d.s.r.aws.ConfigClusterResolver      : Resolving eureka endpoints via configuration
